<?xml version="1.0" encoding="UTF-8"?>
<testsuite xmlns:xsi="http://www.w3.org/2001/XMLSchema-instance" xsi:noNamespaceSchemaLocation="https://maven.apache.org/surefire/maven-surefire-plugin/xsd/surefire-test-report-3.0.xsd" version="3.0" name="ConnectionTest" time="1.073" tests="15" errors="1" skipped="0" failures="14">
  <properties/>
  <testcase name="selectListenCurrentMessageShouldShowActualMessages" classname="ConnectionTest" time="1.006">
    <failure message="&#10;Wanted but not invoked:&#10;consoleTelephone.speak(&#10;    &quot;No messages.&#10;Enter 1 to listen to the current message&#10;Enter 2 to save the current message&#10;Enter 3 to delete the current message&#10;Enter 4 to return to the main menu&quot;&#10;);&#10;-&gt; at ConnectionTest.selectListenCurrentMessageShouldShowActualMessages(ConnectionTest.java:184)&#10;Actually, there were zero interactions with this mock.&#10;" type="org.mockito.exceptions.verification.WantedButNotInvoked">org.mockito.exceptions.verification.WantedButNotInvoked: 

Wanted but not invoked:
consoleTelephone.speak(
    "No messages.
Enter 1 to listen to the current message
Enter 2 to save the current message
Enter 3 to delete the current message
Enter 4 to return to the main menu"
);
-> at ConnectionTest.selectListenCurrentMessageShouldShowActualMessages(ConnectionTest.java:184)
Actually, there were zero interactions with this mock.

	at ConnectionTest.selectListenCurrentMessageShouldShowActualMessages(ConnectionTest.java:184)
</failure>
  </testcase>
  <testcase name="dialExistingMailbox" classname="ConnectionTest" time="0.003">
    <failure message="&#10;Wanted but not invoked:&#10;consoleTelephone.speak(&quot;Hola Mundo:&quot;);&#10;-&gt; at ConnectionTest.dialExistingMailbox(ConnectionTest.java:36)&#10;Actually, there were zero interactions with this mock.&#10;" type="org.mockito.exceptions.verification.WantedButNotInvoked">org.mockito.exceptions.verification.WantedButNotInvoked: 

Wanted but not invoked:
consoleTelephone.speak("Hola Mundo:");
-> at ConnectionTest.dialExistingMailbox(ConnectionTest.java:36)
Actually, there were zero interactions with this mock.

	at ConnectionTest.dialExistingMailbox(ConnectionTest.java:36)
</failure>
  </testcase>
  <testcase name="setPasswordShouldShowNewPassword" classname="ConnectionTest" time="0.003">
    <failure message="&#10;Wanted but not invoked:&#10;consoleTelephone.speak(&#10;    &quot;Enter mailbox number followed by #&quot;&#10;);&#10;-&gt; at ConnectionTest.setPasswordShouldShowNewPassword(ConnectionTest.java:95)&#10;Actually, there were zero interactions with this mock.&#10;" type="org.mockito.exceptions.verification.WantedButNotInvoked">org.mockito.exceptions.verification.WantedButNotInvoked: 

Wanted but not invoked:
consoleTelephone.speak(
    "Enter mailbox number followed by #"
);
-> at ConnectionTest.setPasswordShouldShowNewPassword(ConnectionTest.java:95)
Actually, there were zero interactions with this mock.

	at ConnectionTest.setPasswordShouldShowNewPassword(ConnectionTest.java:95)
</failure>
  </testcase>
  <testcase name="changePassCodeShouldShowTheMainMenu" classname="ConnectionTest" time="0.006">
    <failure message="&#10;Wanted but not invoked:&#10;consoleTelephone.speak(&#10;    &quot;Enter 1 to listen to your messages&#10;Enter 2 to change your passcode&#10;Enter 3 to change your greeting&quot;&#10;);&#10;-&gt; at ConnectionTest.changePassCodeShouldShowTheMainMenu(ConnectionTest.java:114)&#10;Actually, there were zero interactions with this mock.&#10;" type="org.mockito.exceptions.verification.WantedButNotInvoked">org.mockito.exceptions.verification.WantedButNotInvoked: 

Wanted but not invoked:
consoleTelephone.speak(
    "Enter 1 to listen to your messages
Enter 2 to change your passcode
Enter 3 to change your greeting"
);
-> at ConnectionTest.changePassCodeShouldShowTheMainMenu(ConnectionTest.java:114)
Actually, there were zero interactions with this mock.

	at ConnectionTest.changePassCodeShouldShowTheMainMenu(ConnectionTest.java:114)
</failure>
  </testcase>
  <testcase name="changeGreeting" classname="ConnectionTest" time="0.002">
    <error message="For input string: &quot;#&quot;" type="java.lang.NumberFormatException">java.lang.NumberFormatException: For input string: "#"
	at ConnectionTest.changeGreeting(ConnectionTest.java:152)
</error>
  </testcase>
  <testcase name="setGreetingShouldShowNewGreeting" classname="ConnectionTest" time="0.003">
    <failure message="&#10;Wanted but not invoked:&#10;consoleTelephone.speak(&#10;    &quot;Record your greeting, then press the # key&quot;&#10;);&#10;-&gt; at ConnectionTest.setGreetingShouldShowNewGreeting(ConnectionTest.java:83)&#10;Actually, there were zero interactions with this mock.&#10;" type="org.mockito.exceptions.verification.WantedButNotInvoked">org.mockito.exceptions.verification.WantedButNotInvoked: 

Wanted but not invoked:
consoleTelephone.speak(
    "Record your greeting, then press the # key"
);
-> at ConnectionTest.setGreetingShouldShowNewGreeting(ConnectionTest.java:83)
Actually, there were zero interactions with this mock.

	at ConnectionTest.setGreetingShouldShowNewGreeting(ConnectionTest.java:83)
</failure>
  </testcase>
  <testcase name="loginWithIncorrectPasscode" classname="ConnectionTest" time="0.003">
    <failure message="&#10;Wanted but not invoked:&#10;consoleTelephone.speak(&#10;    &quot;Incorrect passcode. Try again!&quot;&#10;);&#10;-&gt; at ConnectionTest.loginWithIncorrectPasscode(ConnectionTest.java:57)&#10;Actually, there were zero interactions with this mock.&#10;" type="org.mockito.exceptions.verification.WantedButNotInvoked">org.mockito.exceptions.verification.WantedButNotInvoked: 

Wanted but not invoked:
consoleTelephone.speak(
    "Incorrect passcode. Try again!"
);
-> at ConnectionTest.loginWithIncorrectPasscode(ConnectionTest.java:57)
Actually, there were zero interactions with this mock.

	at ConnectionTest.loginWithIncorrectPasscode(ConnectionTest.java:57)
</failure>
  </testcase>
  <testcase name="selectDeleteCurrentMessageShouldBeShowMessagesMenu" classname="ConnectionTest" time="0.002">
    <failure message="&#10;Wanted but not invoked:&#10;consoleTelephone.speak(&#10;    &quot;Enter 1 to listen to the current message&#10;Enter 2 to save the current message&#10;Enter 3 to delete the current message&#10;Enter 4 to return to the main menu&quot;&#10;);&#10;-&gt; at ConnectionTest.selectDeleteCurrentMessageShouldBeShowMessagesMenu(ConnectionTest.java:217)&#10;Actually, there were zero interactions with this mock.&#10;" type="org.mockito.exceptions.verification.WantedButNotInvoked">org.mockito.exceptions.verification.WantedButNotInvoked: 

Wanted but not invoked:
consoleTelephone.speak(
    "Enter 1 to listen to the current message
Enter 2 to save the current message
Enter 3 to delete the current message
Enter 4 to return to the main menu"
);
-> at ConnectionTest.selectDeleteCurrentMessageShouldBeShowMessagesMenu(ConnectionTest.java:217)
Actually, there were zero interactions with this mock.

	at ConnectionTest.selectDeleteCurrentMessageShouldBeShowMessagesMenu(ConnectionTest.java:217)
</failure>
  </testcase>
  <testcase name="selectReturnToTheMainMenuShouldBeShowMainMenu" classname="ConnectionTest" time="0.003">
    <failure message="&#10;Wanted but not invoked:&#10;consoleTelephone.speak(&#10;    &quot;Enter 1 to listen to your messages&#10;Enter 2 to change your passcode&#10;Enter 3 to change your greeting&quot;&#10;);&#10;-&gt; at ConnectionTest.selectReturnToTheMainMenuShouldBeShowMainMenu(ConnectionTest.java:233)&#10;Actually, there were zero interactions with this mock.&#10;" type="org.mockito.exceptions.verification.WantedButNotInvoked">org.mockito.exceptions.verification.WantedButNotInvoked: 

Wanted but not invoked:
consoleTelephone.speak(
    "Enter 1 to listen to your messages
Enter 2 to change your passcode
Enter 3 to change your greeting"
);
-> at ConnectionTest.selectReturnToTheMainMenuShouldBeShowMainMenu(ConnectionTest.java:233)
Actually, there were zero interactions with this mock.

	at ConnectionTest.selectReturnToTheMainMenuShouldBeShowMainMenu(ConnectionTest.java:233)
</failure>
  </testcase>
  <testcase name="selectListenMessageShouldShowListenOptions" classname="ConnectionTest" time="0.002">
    <failure message="&#10;Wanted but not invoked:&#10;consoleTelephone.speak(&#10;    &quot;Enter 1 to listen to the current message&#10;Enter 2 to save the current message&#10;Enter 3 to delete the current message&#10;Enter 4 to return to the main menu&quot;&#10;);&#10;-&gt; at ConnectionTest.selectListenMessageShouldShowListenOptions(ConnectionTest.java:167)&#10;Actually, there were zero interactions with this mock.&#10;" type="org.mockito.exceptions.verification.WantedButNotInvoked">org.mockito.exceptions.verification.WantedButNotInvoked: 

Wanted but not invoked:
consoleTelephone.speak(
    "Enter 1 to listen to the current message
Enter 2 to save the current message
Enter 3 to delete the current message
Enter 4 to return to the main menu"
);
-> at ConnectionTest.selectListenMessageShouldShowListenOptions(ConnectionTest.java:167)
Actually, there were zero interactions with this mock.

	at ConnectionTest.selectListenMessageShouldShowListenOptions(ConnectionTest.java:167)
</failure>
  </testcase>
  <testcase name="changePassCodeShouldChangeThePassCode" classname="ConnectionTest" time="0.007">
    <failure message="&#10;Wanted but not invoked:&#10;consoleTelephone.speak(&#10;    &quot;Enter 1 to listen to your messages&#10;Enter 2 to change your passcode&#10;Enter 3 to change your greeting&quot;&#10;);&#10;-&gt; at ConnectionTest.changePassCodeShouldChangeThePassCode(ConnectionTest.java:135)&#10;Actually, there were zero interactions with this mock.&#10;" type="org.mockito.exceptions.verification.WantedButNotInvoked">org.mockito.exceptions.verification.WantedButNotInvoked: 

Wanted but not invoked:
consoleTelephone.speak(
    "Enter 1 to listen to your messages
Enter 2 to change your passcode
Enter 3 to change your greeting"
);
-> at ConnectionTest.changePassCodeShouldChangeThePassCode(ConnectionTest.java:135)
Actually, there were zero interactions with this mock.

	at ConnectionTest.changePassCodeShouldChangeThePassCode(ConnectionTest.java:135)
</failure>
  </testcase>
  <testcase name="loginWhitCorrectPasscode" classname="ConnectionTest" time="0.003">
    <failure message="&#10;Wanted but not invoked:&#10;consoleTelephone.speak(&#10;    &quot;Enter 1 to listen to your messages&#10;Enter 2 to change your passcode&#10;Enter 3 to change your greeting&quot;&#10;);&#10;-&gt; at ConnectionTest.loginWhitCorrectPasscode(ConnectionTest.java:69)&#10;Actually, there were zero interactions with this mock.&#10;" type="org.mockito.exceptions.verification.WantedButNotInvoked">org.mockito.exceptions.verification.WantedButNotInvoked: 

Wanted but not invoked:
consoleTelephone.speak(
    "Enter 1 to listen to your messages
Enter 2 to change your passcode
Enter 3 to change your greeting"
);
-> at ConnectionTest.loginWhitCorrectPasscode(ConnectionTest.java:69)
Actually, there were zero interactions with this mock.

	at ConnectionTest.loginWhitCorrectPasscode(ConnectionTest.java:69)
</failure>
  </testcase>
  <testcase name="dialNotExistMailbox" classname="ConnectionTest" time="0.004">
    <failure message="&#10;Wanted but not invoked:&#10;consoleTelephone.speak(&#10;    &quot;Incorrect mailbox number. Try again!&quot;&#10;);&#10;-&gt; at ConnectionTest.dialNotExistMailbox(ConnectionTest.java:46)&#10;Actually, there were zero interactions with this mock.&#10;" type="org.mockito.exceptions.verification.WantedButNotInvoked">org.mockito.exceptions.verification.WantedButNotInvoked: 

Wanted but not invoked:
consoleTelephone.speak(
    "Incorrect mailbox number. Try again!"
);
-> at ConnectionTest.dialNotExistMailbox(ConnectionTest.java:46)
Actually, there were zero interactions with this mock.

	at ConnectionTest.dialNotExistMailbox(ConnectionTest.java:46)
</failure>
  </testcase>
  <testcase name="selectSaveCurrentMessagesShouldBeShowMessagesMenu" classname="ConnectionTest" time="0.003">
    <failure message="&#10;Wanted but not invoked:&#10;consoleTelephone.speak(&#10;    &quot;Enter 1 to listen to the current message&#10;Enter 2 to save the current message&#10;Enter 3 to delete the current message&#10;Enter 4 to return to the main menu&quot;&#10;);&#10;-&gt; at ConnectionTest.selectSaveCurrentMessagesShouldBeShowMessagesMenu(ConnectionTest.java:201)&#10;Actually, there were zero interactions with this mock.&#10;" type="org.mockito.exceptions.verification.WantedButNotInvoked">org.mockito.exceptions.verification.WantedButNotInvoked: 

Wanted but not invoked:
consoleTelephone.speak(
    "Enter 1 to listen to the current message
Enter 2 to save the current message
Enter 3 to delete the current message
Enter 4 to return to the main menu"
);
-> at ConnectionTest.selectSaveCurrentMessagesShouldBeShowMessagesMenu(ConnectionTest.java:201)
Actually, there were zero interactions with this mock.

	at ConnectionTest.selectSaveCurrentMessagesShouldBeShowMessagesMenu(ConnectionTest.java:201)
</failure>
  </testcase>
  <testcase name="connectionShouldStartInitialPrompt" classname="ConnectionTest" time="0.001">
    <failure message="&#10;Wanted but not invoked:&#10;consoleTelephone.speak(&#10;    &quot;Enter mailbox number followed by #&quot;&#10;);&#10;-&gt; at ConnectionTest.connectionShouldStartInitialPrompt(ConnectionTest.java:26)&#10;Actually, there were zero interactions with this mock.&#10;" type="org.mockito.exceptions.verification.WantedButNotInvoked">org.mockito.exceptions.verification.WantedButNotInvoked: 

Wanted but not invoked:
consoleTelephone.speak(
    "Enter mailbox number followed by #"
);
-> at ConnectionTest.connectionShouldStartInitialPrompt(ConnectionTest.java:26)
Actually, there were zero interactions with this mock.

	at ConnectionTest.connectionShouldStartInitialPrompt(ConnectionTest.java:26)
</failure>
  </testcase>
</testsuite>